<?xml version="1.0" encoding="UTF-8"?>
<!-- Generated by org.testng.reporters.JUnitXMLReporter -->
<testsuite hostname="pix-pc30" name="TestNG Test Group" tests="2" failures="0" timestamp="14 Apr 2017 10:43:53 GMT" time="40.312" errors="0">
  <testcase name="DealerLogin" time="13.794" classname="com.PEsection.CreateNewCampaigns.NewCampaignTest"/>
  <testcase name="CreateCampaign" time="24.939" classname="com.PEsection.CreateNewCampaigns.NewCampaignTest"/>
</testsuite> <!-- TestNG Test Group -->
